<?xml version="1.0" encoding="UTF-8"?>
<!-- Generated by org.testng.reporters.JUnitXMLReporter -->
<testsuite ignored="0" hostname="Mithuns-MacBook-Air-2.local" failures="0" tests="3" name="Rest_Assured_Assignment_Testing" time="7.586" errors="0" timestamp="15 Sep 2022 14:14:42 GMT">
  <testcase classname="stepDef.RestAssuredTask" name="Rest_Assured_Assignment_002" time="4.54"/>
  <testcase classname="stepDef.RestAssuredTask" name="Rest_Assured_Assignment_003" time="4.555"/>
  <testcase classname="stepDef.RestAssuredTask" name="Rest_Assured_Assignment_001" time="7.542"/>
</testsuite> <!-- Rest_Assured_Assignment_Testing -->
