<?xml version="1.0" encoding="UTF-8"?>
<!-- Generated by org.testng.reporters.JUnitXMLReporter -->
<testsuite ignored="0" hostname="Mithuns-MacBook-Air-2.local" failures="0" tests="3" name="Rest_Assured_Assignment_Testing" time="9.048" errors="0" timestamp="15 Sep 2022 14:06:00 GMT">
  <testcase classname="stepDef.RestAssuredTask" name="Rest_Assured_Assignment_002" time="6.203"/>
  <testcase classname="stepDef.RestAssuredTask" name="Rest_Assured_Assignment_003" time="6.213"/>
  <testcase classname="stepDef.RestAssuredTask" name="Rest_Assured_Assignment_001" time="9.004"/>
</testsuite> <!-- Rest_Assured_Assignment_Testing -->
